{"level":"error","message":"GET en /api/users/login - at 20/3/2024 - 21:15:09"}
{"level":"error","message":"GET en /js/login.js - at 20/3/2024 - 21:15:09"}
{"level":"error","message":"GET en /favicon.ico - at 20/3/2024 - 21:15:09"}
{"level":"error","message":"GET en /api/users/login - at 20/3/2024 - 21:15:36"}
{"level":"error","message":"GET en /js/login.js - at 20/3/2024 - 21:15:36"}
{"level":"error","message":"GET en /api/sessions/recuperarpass - at 20/3/2024 - 21:15:40"}
{"level":"error","message":"GET en /api/users/login - at 1/4/2024 - 19:12:24"}
{"level":"error","message":"GET en /js/login.js - at 1/4/2024 - 19:12:24"}
{"level":"error","message":"GET en /favicon.ico - at 1/4/2024 - 19:12:25"}
{"level":"error","message":"POST en /api/sessions/login - at 1/4/2024 - 19:13:56"}
{"level":"error","message":"GET en /api/sessions/api/sessions/fail-login - at 1/4/2024 - 19:13:56"}
{"level":"error","message":"POST en /api/sessions/login - at 1/4/2024 - 19:14:00"}
{"level":"error","message":"GET en /api/sessions/api/sessions/fail-login - at 1/4/2024 - 19:14:00"}
{"level":"error","message":"POST en /api/sessions/login - at 1/4/2024 - 19:14:23"}
{"level":"error","message":"GET en /api/products - at 1/4/2024 - 19:14:25"}
{"level":"error","message":"GET en /css/styles.css - at 1/4/2024 - 19:14:25"}
{"level":"error","message":"GET en /js/add.products.js - at 1/4/2024 - 19:14:25"}
{"level":"error","message":"GET en /api/sessions/profile - at 1/4/2024 - 19:14:49"}
{"level":"error","message":"GET en /api/users/login - at 1/4/2024 - 19:18:16"}
{"level":"error","message":"GET en /js/login.js - at 1/4/2024 - 19:18:16"}
{"level":"error","message":"POST en /api/sessions/login - at 1/4/2024 - 19:18:34"}
{"level":"error","message":"GET en /api/products - at 1/4/2024 - 19:18:37"}
{"level":"error","message":"GET en /css/styles.css - at 1/4/2024 - 19:18:38"}
{"level":"error","message":"GET en /js/add.products.js - at 1/4/2024 - 19:18:38"}
{"level":"error","message":"GET en /api/users/premium - at 1/4/2024 - 19:18:56"}
{"level":"error","message":"GET en /api/users/premium/65dfb3153df9f974b033c156 - at 1/4/2024 - 19:19:35"}
{"level":"error","message":"GET en /api/users/login - at 1/4/2024 - 19:27:46"}
{"level":"error","message":"GET en /js/login.js - at 1/4/2024 - 19:27:46"}
{"level":"error","message":"POST en /api/sessions/login - at 1/4/2024 - 19:28:00"}
{"level":"error","message":"GET en /api/products - at 1/4/2024 - 19:28:01"}
{"level":"error","message":"GET en /css/styles.css - at 1/4/2024 - 19:28:02"}
{"level":"error","message":"GET en /js/add.products.js - at 1/4/2024 - 19:28:02"}
{"level":"error","message":"GET en /api/products - at 1/4/2024 - 19:33:06"}
{"level":"error","message":"GET en /api/users/login - at 1/4/2024 - 19:33:08"}
{"level":"error","message":"GET en /js/login.js - at 1/4/2024 - 19:33:09"}
{"level":"error","message":"POST en /api/sessions/login - at 1/4/2024 - 19:33:25"}
{"level":"error","message":"GET en /api/products - at 1/4/2024 - 19:33:26"}
{"level":"error","message":"GET en /css/styles.css - at 1/4/2024 - 19:33:26"}
{"level":"error","message":"GET en /js/add.products.js - at 1/4/2024 - 19:33:27"}
{"level":"error","message":"GET en /api/users/login - at 1/4/2024 - 19:42:54"}
{"level":"error","message":"GET en /js/login.js - at 1/4/2024 - 19:42:54"}
{"level":"error","message":"POST en /api/sessions/login - at 1/4/2024 - 19:43:06"}
{"level":"error","message":"GET en /api/products - at 1/4/2024 - 19:43:07"}
{"level":"error","message":"GET en /js/add.products.js - at 1/4/2024 - 19:43:07"}
{"level":"error","message":"GET en /css/styles.css - at 1/4/2024 - 19:43:07"}
{"level":"error","message":"GET en /api/users/login - at 1/4/2024 - 19:44:35"}
{"level":"error","message":"GET en /js/login.js - at 1/4/2024 - 19:44:35"}
{"level":"error","message":"POST en /api/sessions/login - at 1/4/2024 - 19:44:48"}
{"level":"error","message":"GET en /api/products - at 1/4/2024 - 19:44:49"}
{"level":"error","message":"GET en /css/styles.css - at 1/4/2024 - 19:44:49"}
{"level":"error","message":"GET en /js/add.products.js - at 1/4/2024 - 19:44:50"}
{"level":"error","message":"GET en /api/users/login - at 1/4/2024 - 19:46:42"}
{"level":"error","message":"GET en /js/login.js - at 1/4/2024 - 19:46:42"}
{"level":"error","message":"POST en /api/sessions/login - at 1/4/2024 - 19:46:57"}
{"level":"error","message":"GET en /api/products - at 1/4/2024 - 19:46:58"}
{"level":"error","message":"GET en /api/users/login - at 1/4/2024 - 19:47:23"}
{"level":"error","message":"GET en /js/login.js - at 1/4/2024 - 19:47:23"}
{"level":"error","message":"POST en /api/sessions/login - at 1/4/2024 - 19:47:37"}
{"level":"error","message":"GET en /api/products - at 1/4/2024 - 19:47:38"}
{"level":"error","message":"GET en /css/styles.css - at 1/4/2024 - 19:47:38"}
{"level":"error","message":"GET en /js/add.products.js - at 1/4/2024 - 19:47:38"}
{"level":"error","message":"GET en /api/users/login - at 1/4/2024 - 19:55:49"}
{"level":"error","message":"GET en /js/login.js - at 1/4/2024 - 19:55:49"}
{"level":"error","message":"POST en /api/sessions/login - at 1/4/2024 - 19:56:05"}
{"level":"error","message":"GET en /api/products - at 1/4/2024 - 19:56:06"}
{"level":"error","message":"GET en /css/styles.css - at 1/4/2024 - 19:56:07"}
{"level":"error","message":"GET en /js/add.products.js - at 1/4/2024 - 19:56:07"}
{"level":"error","message":"GET en /api/users/login - at 1/4/2024 - 19:58:34"}
{"level":"error","message":"GET en /js/login.js - at 1/4/2024 - 19:58:35"}
{"level":"error","message":"POST en /api/sessions/login - at 1/4/2024 - 19:58:47"}
{"level":"error","message":"GET en /api/products - at 1/4/2024 - 19:58:48"}
{"level":"error","message":"GET en /css/styles.css - at 1/4/2024 - 19:58:48"}
{"level":"error","message":"GET en /js/add.products.js - at 1/4/2024 - 19:58:48"}
{"level":"error","message":"GET en /api/sessions/profile - at 1/4/2024 - 19:58:51"}
{"level":"error","message":"GET en /api/users/login - at 1/4/2024 - 20:05:27"}
{"level":"error","message":"GET en /js/login.js - at 1/4/2024 - 20:05:27"}
{"level":"error","message":"POST en /api/sessions/login - at 1/4/2024 - 20:05:44"}
{"level":"error","message":"GET en /api/products - at 1/4/2024 - 20:05:44"}
{"level":"error","message":"GET en /css/styles.css - at 1/4/2024 - 20:05:45"}
{"level":"error","message":"GET en /js/add.products.js - at 1/4/2024 - 20:05:45"}
{"level":"error","message":"GET en /api/sessions/profile - at 1/4/2024 - 20:05:47"}
{"level":"error","message":"GET en /api/users/login - at 1/4/2024 - 20:08:34"}
{"level":"error","message":"GET en /js/login.js - at 1/4/2024 - 20:08:34"}
{"level":"error","message":"POST en /api/sessions/login - at 1/4/2024 - 20:08:46"}
{"level":"error","message":"GET en /api/products - at 1/4/2024 - 20:08:47"}
{"level":"error","message":"GET en /css/styles.css - at 1/4/2024 - 20:08:47"}
{"level":"error","message":"GET en /js/add.products.js - at 1/4/2024 - 20:08:47"}
{"level":"error","message":"GET en /api/sessions/profile - at 1/4/2024 - 20:08:49"}
{"level":"error","message":"GET en /api/sessions/profile - at 1/4/2024 - 20:09:32"}
{"level":"error","message":"GET en /api/users/login - at 1/4/2024 - 20:09:47"}
{"level":"error","message":"GET en /js/login.js - at 1/4/2024 - 20:09:47"}
{"level":"error","message":"POST en /api/sessions/login - at 1/4/2024 - 20:10:09"}
{"level":"error","message":"GET en /api/products - at 1/4/2024 - 20:10:10"}
{"level":"error","message":"GET en /css/styles.css - at 1/4/2024 - 20:10:10"}
{"level":"error","message":"GET en /js/add.products.js - at 1/4/2024 - 20:10:11"}
{"level":"error","message":"GET en /api/sessions/profile - at 1/4/2024 - 20:10:12"}
{"level":"error","message":"GET en /api/users/login - at 2/4/2024 - 20:02:04"}
{"level":"error","message":"GET en /js/login.js - at 2/4/2024 - 20:02:05"}
{"level":"error","message":"GET en /apidocs - at 2/4/2024 - 20:02:22"}
{"level":"error","message":"GET en /apidocs/ - at 2/4/2024 - 20:02:22"}
{"level":"error","message":"GET en /apidocs/swagger-ui.css - at 2/4/2024 - 20:02:22"}
{"level":"error","message":"GET en /apidocs/swagger-ui-bundle.js - at 2/4/2024 - 20:02:22"}
{"level":"error","message":"GET en /apidocs/swagger-ui-standalone-preset.js - at 2/4/2024 - 20:02:22"}
{"level":"error","message":"GET en /apidocs/swagger-ui-init.js - at 2/4/2024 - 20:02:22"}
{"level":"error","message":"GET en /apidocs/favicon-32x32.png - at 2/4/2024 - 20:02:22"}
{"level":"error","message":"GET en /apidocs/ - at 2/4/2024 - 20:12:41"}
{"level":"error","message":"GET en /apidocs/swagger-ui.css - at 2/4/2024 - 20:12:41"}
{"level":"error","message":"GET en /apidocs/swagger-ui-bundle.js - at 2/4/2024 - 20:12:41"}
{"level":"error","message":"GET en /apidocs/swagger-ui-standalone-preset.js - at 2/4/2024 - 20:12:41"}
{"level":"error","message":"GET en /apidocs/swagger-ui-init.js - at 2/4/2024 - 20:12:41"}
{"level":"error","message":"GET en /apidocs/favicon-32x32.png - at 2/4/2024 - 20:12:42"}
{"level":"error","message":"GET en /apidocs/ - at 2/4/2024 - 20:19:32"}
{"level":"error","message":"GET en /apidocs/swagger-ui.css - at 2/4/2024 - 20:19:32"}
{"level":"error","message":"GET en /apidocs/swagger-ui-bundle.js - at 2/4/2024 - 20:19:32"}
{"level":"error","message":"GET en /apidocs/swagger-ui-standalone-preset.js - at 2/4/2024 - 20:19:32"}
{"level":"error","message":"GET en /apidocs/swagger-ui-init.js - at 2/4/2024 - 20:19:32"}
{"level":"error","message":"GET en /apidocs/favicon-32x32.png - at 2/4/2024 - 20:19:32"}
{"level":"error","message":"GET en /apidocs/ - at 2/4/2024 - 20:21:04"}
{"level":"error","message":"GET en /apidocs/swagger-ui.css - at 2/4/2024 - 20:21:04"}
{"level":"error","message":"GET en /apidocs/swagger-ui-bundle.js - at 2/4/2024 - 20:21:04"}
{"level":"error","message":"GET en /apidocs/swagger-ui-standalone-preset.js - at 2/4/2024 - 20:21:04"}
{"level":"error","message":"GET en /apidocs/swagger-ui-init.js - at 2/4/2024 - 20:21:04"}
{"level":"error","message":"GET en /apidocs/favicon-32x32.png - at 2/4/2024 - 20:21:04"}
{"level":"error","message":"GET en /api/users/login - at 6/5/2024 - 18:23:54"}
{"level":"error","message":"GET en /js/login.js - at 6/5/2024 - 18:23:54"}
{"level":"error","message":"GET en /favicon.ico - at 6/5/2024 - 18:23:55"}
{"level":"error","message":"POST en /api/sessions/login - at 6/5/2024 - 18:24:23"}
{"level":"error","message":"GET en /api/sessions/api/sessions/fail-login - at 6/5/2024 - 18:24:23"}
{"level":"error","message":"POST en /api/sessions/login - at 6/5/2024 - 18:24:28"}
{"level":"error","message":"GET en /api/sessions/api/sessions/fail-login - at 6/5/2024 - 18:24:28"}
{"level":"error","message":"POST en /api/sessions/login - at 6/5/2024 - 18:24:38"}
{"level":"error","message":"GET en /api/products - at 6/5/2024 - 18:24:40"}
{"level":"error","message":"GET en /css/styles.css - at 6/5/2024 - 18:24:41"}
{"level":"error","message":"GET en /js/add.products.js - at 6/5/2024 - 18:24:41"}
{"level":"error","message":"GET en /api/sessions/profile - at 6/5/2024 - 18:24:45"}
{"level":"error","message":"GET en /api/user//premium/:uid - at 6/5/2024 - 18:24:47"}
{"level":"error","message":"GET en /api/users/login - at 6/5/2024 - 19:17:11"}
{"level":"error","message":"GET en /js/login.js - at 6/5/2024 - 19:17:11"}
{"level":"error","message":"POST en /api/sessions/login - at 6/5/2024 - 19:38:21"}
{"level":"error","message":"GET en /api/products - at 6/5/2024 - 19:38:24"}
{"level":"error","message":"GET en /css/styles.css - at 6/5/2024 - 19:38:24"}
{"level":"error","message":"GET en /js/add.products.js - at 6/5/2024 - 19:38:25"}
{"level":"error","message":"GET en /api/sessions/profile - at 6/5/2024 - 19:38:27"}
{"level":"error","message":"GET en /api/user/premium/$%7Buser._id%7D - at 6/5/2024 - 19:38:29"}
{"level":"error","message":"GET en /api/users/login - at 6/5/2024 - 19:45:30"}
{"level":"error","message":"GET en /js/login.js - at 6/5/2024 - 19:45:30"}
{"level":"error","message":"POST en /api/sessions/login - at 6/5/2024 - 19:46:06"}
{"level":"error","message":"POST en /api/sessions/login - at 6/5/2024 - 19:48:47"}
{"level":"error","message":"GET en /api/products - at 6/5/2024 - 19:48:50"}
{"level":"error","message":"GET en /css/styles.css - at 6/5/2024 - 19:48:50"}
{"level":"error","message":"GET en /js/add.products.js - at 6/5/2024 - 19:48:50"}
{"level":"error","message":"GET en /api/sessions/profile - at 6/5/2024 - 19:57:19"}
{"level":"error","message":"GET en /api/users/login - at 6/5/2024 - 19:57:23"}
{"level":"error","message":"GET en /js/login.js - at 6/5/2024 - 19:57:23"}
{"level":"error","message":"POST en /api/sessions/login - at 6/5/2024 - 20:12:15"}
{"level":"error","message":"GET en /api/products - at 6/5/2024 - 20:12:18"}
{"level":"error","message":"GET en /css/styles.css - at 6/5/2024 - 20:12:19"}
{"level":"error","message":"GET en /js/add.products.js - at 6/5/2024 - 20:12:19"}
{"level":"error","message":"GET en /api/sessions/profile - at 6/5/2024 - 20:12:21"}
{"level":"error","message":"GET en /api/user/premium/%60$%7Buser._id%7D%60 - at 6/5/2024 - 20:12:26"}
{"level":"error","message":"GET en /api/users/login - at 6/5/2024 - 20:15:23"}
{"level":"error","message":"GET en /js/login.js - at 6/5/2024 - 20:15:23"}
{"level":"error","message":"POST en /api/sessions/login - at 6/5/2024 - 20:15:45"}
{"level":"error","message":"GET en /api/products - at 6/5/2024 - 20:15:47"}
{"level":"error","message":"GET en /css/styles.css - at 6/5/2024 - 20:15:48"}
{"level":"error","message":"GET en /js/add.products.js - at 6/5/2024 - 20:15:48"}
{"level":"error","message":"GET en /api/sessions/profile - at 6/5/2024 - 20:15:50"}
{"level":"error","message":"GET en /api/user/premium/%60 - at 6/5/2024 - 20:15:52"}
{"level":"error","message":"GET en /api/users/login - at 6/5/2024 - 20:18:21"}
{"level":"error","message":"GET en /js/login.js - at 6/5/2024 - 20:18:21"}
{"level":"error","message":"POST en /api/sessions/login - at 6/5/2024 - 20:19:04"}
{"level":"error","message":"GET en /api/products - at 6/5/2024 - 20:19:05"}
{"level":"error","message":"GET en /css/styles.css - at 6/5/2024 - 20:19:06"}
{"level":"error","message":"GET en /js/add.products.js - at 6/5/2024 - 20:19:06"}
{"level":"error","message":"GET en /api/sessions/profile - at 6/5/2024 - 20:19:07"}
{"level":"error","message":"GET en /api/user/premium/ - at 6/5/2024 - 20:19:09"}
{"level":"error","message":"GET en /api/user/premium/ - at 6/5/2024 - 20:20:44"}
{"level":"error","message":"GET en /api/user/premium/ - at 6/5/2024 - 20:20:50"}
{"level":"error","message":"GET en /api/users/login - at 6/5/2024 - 20:20:54"}
{"level":"error","message":"GET en /js/login.js - at 6/5/2024 - 20:20:54"}
{"level":"error","message":"GET en /api/users/login - at 6/5/2024 - 21:41:03"}
{"level":"error","message":"GET en /js/login.js - at 6/5/2024 - 21:41:03"}
{"level":"error","message":"GET en /api/users/login - at 7/5/2024 - 17:52:18"}
{"level":"error","message":"GET en /js/login.js - at 7/5/2024 - 17:52:18"}
{"level":"error","message":"GET en /favicon.ico - at 7/5/2024 - 17:52:18"}
{"level":"error","message":"POST en /api/sessions/login - at 7/5/2024 - 17:58:31"}
{"level":"error","message":"GET en /api/products - at 7/5/2024 - 17:58:33"}
{"level":"error","message":"GET en /css/styles.css - at 7/5/2024 - 17:58:33"}
{"level":"error","message":"GET en /js/add.products.js - at 7/5/2024 - 17:58:33"}
{"level":"error","message":"GET en /api/sessions/profile - at 7/5/2024 - 17:58:35"}
{"level":"error","message":"GET en /api/user/changetopremium - at 7/5/2024 - 17:58:37"}
{"level":"error","message":"GET en /api/user/changetopremium - at 7/5/2024 - 18:00:04"}
{"level":"error","message":"GET en /api/user/changetopremium - at 7/5/2024 - 18:00:09"}
{"level":"error","message":"GET en /api/users/login - at 7/5/2024 - 18:00:18"}
{"level":"error","message":"GET en /js/login.js - at 7/5/2024 - 18:00:18"}
{"level":"error","message":"POST en /api/sessions/login - at 7/5/2024 - 18:00:50"}
{"level":"error","message":"GET en /api/products - at 7/5/2024 - 18:00:52"}
{"level":"error","message":"GET en /css/styles.css - at 7/5/2024 - 18:00:52"}
{"level":"error","message":"GET en /js/add.products.js - at 7/5/2024 - 18:00:53"}
{"level":"error","message":"GET en /api/sessions/profile - at 7/5/2024 - 18:00:55"}
{"level":"error","message":"GET en /api/user/premium - at 7/5/2024 - 18:00:57"}
{"level":"error","message":"GET en /api/users/login - at 7/5/2024 - 21:02:23"}
{"level":"error","message":"GET en /js/login.js - at 7/5/2024 - 21:02:23"}
{"level":"error","message":"POST en /api/sessions/login - at 7/5/2024 - 21:14:44"}
{"level":"error","message":"GET en /api/products - at 7/5/2024 - 21:14:47"}
{"level":"error","message":"GET en /css/styles.css - at 7/5/2024 - 21:14:48"}
{"level":"error","message":"GET en /js/add.products.js - at 7/5/2024 - 21:14:48"}
{"level":"error","message":"GET en /api/sessions/profile - at 7/5/2024 - 21:14:50"}
{"level":"error","message":"GET en /api/sessions/changetopremium - at 7/5/2024 - 21:14:52"}
{"level":"error","message":"POST en /upload - at 7/5/2024 - 21:15:09"}
{"level":"error","message":"GET en /api/users/login - at 7/5/2024 - 21:23:30"}
{"level":"error","message":"GET en /js/login.js - at 7/5/2024 - 21:23:30"}
{"level":"error","message":"POST en /api/sessions/login - at 7/5/2024 - 21:34:02"}
{"level":"error","message":"GET en /api/products - at 7/5/2024 - 21:34:04"}
{"level":"error","message":"GET en /js/add.products.js - at 7/5/2024 - 21:34:05"}
{"level":"error","message":"GET en /css/styles.css - at 7/5/2024 - 21:34:05"}
{"level":"error","message":"GET en /api/sessions/profile - at 7/5/2024 - 21:34:06"}
{"level":"error","message":"GET en /api/sessions/changetopremium - at 7/5/2024 - 21:34:08"}
{"level":"error","message":"GET en /api/sessions/changetopremium - at 7/5/2024 - 21:35:30"}
{"level":"error","message":"GET en /api/users/login - at 9/5/2024 - 00:15:58"}
{"level":"error","message":"GET en /js/login.js - at 9/5/2024 - 00:15:58"}
{"level":"error","message":"GET en /favicon.ico - at 9/5/2024 - 00:15:58"}
{"level":"error","message":"GET en /users/login - at 9/5/2024 - 00:16:05"}
{"level":"error","message":"GET en /users/login - at 9/5/2024 - 00:16:12"}
{"level":"error","message":"GET en /users/login - at 9/5/2024 - 00:16:19"}
{"level":"error","message":"GET en /api/users/login - at 9/5/2024 - 00:16:26"}
{"level":"error","message":"GET en /js/login.js - at 9/5/2024 - 00:16:26"}
{"level":"error","message":"GET en /users/login - at 9/5/2024 - 00:16:51"}
{"level":"error","message":"GET en /users/login - at 9/5/2024 - 00:16:53"}
{"level":"error","message":"GET en /api/users/login - at 9/5/2024 - 00:17:00"}
{"level":"error","message":"GET en /js/login.js - at 9/5/2024 - 00:17:00"}
{"level":"error","message":"GET en /api/users/login - at 9/5/2024 - 19:16:45"}
{"level":"error","message":"GET en /js/login.js - at 9/5/2024 - 19:16:45"}
{"level":"error","message":"GET en /favicon.ico - at 9/5/2024 - 19:16:46"}
{"level":"error","message":"GET en /api/users/register - at 9/5/2024 - 19:16:50"}
{"level":"error","message":"GET en /js/register.js - at 9/5/2024 - 19:16:50"}
{"level":"error","message":"POST en /api/sessions/register - at 9/5/2024 - 19:17:20"}
{"level":"error","message":"GET en /api/users/login - at 9/5/2024 - 19:17:21"}
{"level":"error","message":"GET en /js/login.js - at 9/5/2024 - 19:17:21"}
{"level":"error","message":"POST en /api/sessions/login - at 9/5/2024 - 19:17:33"}
{"level":"error","message":"GET en /api/products - at 9/5/2024 - 19:17:36"}
{"level":"error","message":"GET en /api/users/login - at 9/5/2024 - 19:23:55"}
{"level":"error","message":"GET en /js/login.js - at 9/5/2024 - 19:23:56"}
{"level":"error","message":"GET en /api/users/register - at 9/5/2024 - 19:23:59"}
{"level":"error","message":"GET en /js/register.js - at 9/5/2024 - 19:23:59"}
{"level":"error","message":"POST en /api/sessions/register - at 9/5/2024 - 19:24:20"}
{"level":"error","message":"GET en /api/users/login - at 9/5/2024 - 19:24:20"}
{"level":"error","message":"GET en /js/login.js - at 9/5/2024 - 19:24:20"}
{"level":"error","message":"GET en /api/users/login - at 9/5/2024 - 19:26:44"}
{"level":"error","message":"GET en /js/login.js - at 9/5/2024 - 19:26:44"}
{"level":"error","message":"GET en /api/users/register - at 9/5/2024 - 19:26:46"}
{"level":"error","message":"GET en /js/register.js - at 9/5/2024 - 19:26:46"}
{"level":"error","message":"POST en /api/sessions/register - at 9/5/2024 - 19:27:02"}
{"level":"error","message":"GET en /api/users/login - at 9/5/2024 - 19:27:03"}
{"level":"error","message":"GET en /js/login.js - at 9/5/2024 - 19:27:03"}
{"level":"error","message":"GET en /api/users/login - at 9/5/2024 - 19:30:39"}
{"level":"error","message":"GET en /js/login.js - at 9/5/2024 - 19:30:39"}
{"level":"error","message":"GET en /api/users/register - at 9/5/2024 - 19:30:40"}
{"level":"error","message":"GET en /js/register.js - at 9/5/2024 - 19:30:41"}
{"level":"error","message":"POST en /api/sessions/register - at 9/5/2024 - 19:30:55"}
{"level":"error","message":"GET en /api/users/login - at 9/5/2024 - 19:30:56"}
{"level":"error","message":"GET en /js/login.js - at 9/5/2024 - 19:30:56"}
{"level":"error","message":"POST en /api/sessions/login - at 9/5/2024 - 19:31:31"}
{"level":"error","message":"GET en /api/products - at 9/5/2024 - 19:31:34"}
{"level":"error","message":"GET en /api/users/login - at 9/5/2024 - 19:34:06"}
{"level":"error","message":"GET en /js/login.js - at 9/5/2024 - 19:34:06"}
{"level":"error","message":"GET en /api/users/register - at 9/5/2024 - 19:34:09"}
{"level":"error","message":"GET en /js/register.js - at 9/5/2024 - 19:34:09"}
{"level":"error","message":"POST en /api/sessions/register - at 9/5/2024 - 19:34:22"}
{"level":"error","message":"GET en /api/users/login - at 9/5/2024 - 19:34:22"}
{"level":"error","message":"GET en /js/login.js - at 9/5/2024 - 19:34:23"}
{"level":"error","message":"POST en /api/sessions/login - at 9/5/2024 - 19:34:53"}
{"level":"error","message":"GET en /api/sessions/api/sessions/fail-login - at 9/5/2024 - 19:34:53"}
{"level":"error","message":"POST en /api/sessions/login - at 9/5/2024 - 19:34:56"}
{"level":"error","message":"GET en /api/sessions/api/sessions/fail-login - at 9/5/2024 - 19:34:56"}
{"level":"error","message":"POST en /api/sessions/login - at 9/5/2024 - 19:35:20"}
{"level":"error","message":"GET en /api/products - at 9/5/2024 - 19:35:23"}
{"level":"error","message":"GET en /css/styles.css - at 9/5/2024 - 19:35:23"}
{"level":"error","message":"GET en /js/add.products.js - at 9/5/2024 - 19:35:23"}
{"level":"error","message":"GET en /api/users - at 9/5/2024 - 19:35:35"}
{"level":"error","message":"GET en /api/sessions/profile - at 9/5/2024 - 19:35:42"}
{"level":"error","message":"GET en /api/sessions/changetopremium - at 9/5/2024 - 19:35:44"}
{"level":"error","message":"GET en /api/carts - at 9/5/2024 - 19:35:54"}
{"level":"error","message":"POST en /api/carts//products/658c5df63ce59babb4c47776 - at 9/5/2024 - 19:35:54"}
{"level":"error","message":"POST en /api/carts/65e25bfbf14f1e89a6f02689/products/658c5df63ce59babb4c47776 - at 9/5/2024 - 19:35:54"}
{"level":"error","message":"POST en /api/carts//products/658c5df63ce59babb4c4777c - at 9/5/2024 - 19:35:56"}
{"level":"error","message":"GET en /api/carts - at 9/5/2024 - 19:35:56"}
{"level":"error","message":"POST en /api/carts/65e25bfbf14f1e89a6f02689/products/658c5df63ce59babb4c4777c - at 9/5/2024 - 19:35:56"}
{"level":"error","message":"GET en /api/carts - at 9/5/2024 - 19:35:57"}
{"level":"error","message":"POST en /api/carts//products/658c5df63ce59babb4c47785 - at 9/5/2024 - 19:35:57"}
{"level":"error","message":"POST en /api/carts/65e25bfbf14f1e89a6f02689/products/658c5df63ce59babb4c47785 - at 9/5/2024 - 19:35:58"}
{"level":"error","message":"GET en /api/carts - at 9/5/2024 - 19:36:01"}
{"level":"error","message":"GET en /api/carts/65e25bfbf14f1e89a6f02689/purchase - at 9/5/2024 - 19:36:01"}
{"level":"error","message":"GET en /js/finish.purchase.js - at 9/5/2024 - 19:36:01"}
{"level":"error","message":"GET en /api/carts - at 9/5/2024 - 19:36:05"}
{"level":"error","message":"POST en /api/carts/65e25bfbf14f1e89a6f02689/purchase - at 9/5/2024 - 19:36:05"}
